[26-05-18 17:01:59] [INFO] [DEBUG] onEnable start -> 1779123719460

[26-05-18 17:01:59] [INFO] [DEBUG] Starting load of Config at 1779123719618
[26-05-18 17:01:59] [INFO] [DEBUG] Config has been loaded. (took 39ms)
[26-05-18 17:01:59] [INFO] [DEBUG] Starting load of CommandsConfig at 1779123719657
[26-05-18 17:01:59] [INFO] [DEBUG] CommandsConfig has been loaded. (took 8ms)
[26-05-18 17:01:59] [INFO] [DEBUG] Starting load of Lang at 1779123719665
[26-05-18 17:01:59] [INFO] [DEBUG] Lang has been loaded. (took 85ms)
[26-05-18 17:01:59] [INFO] [DEBUG] Starting load of UserManagerImpl at 1779123719751
[26-05-18 17:01:59] [INFO] [DEBUG] UserManagerImpl has been loaded. (took 2ms)
[26-05-18 17:01:59] [INFO] [DEBUG] Starting load of GuiListener at 1779123719753
[26-05-18 17:01:59] [INFO] [DEBUG] GuiListener has been loaded. (took 0ms)
[26-05-18 17:01:59] [INFO] [DEBUG] Starting load of PartyManagerImpl at 1779123719753
[26-05-18 17:01:59] [INFO] [DEBUG] PartyManagerImpl has been loaded. (took 1ms)
[26-05-18 17:01:59] [INFO] [DEBUG] Starting load of KitManagerImpl at 1779123719755
[26-05-18 17:01:59] [INFO] [DEBUG] KitManagerImpl has been loaded. (took 136ms)
[26-05-18 17:01:59] [INFO] [DEBUG] Starting load of ArenaManagerImpl at 1779123719892
[26-05-18 17:01:59] [INFO] [DEBUG] ArenaManagerImpl has been loaded. (took 2ms)
[26-05-18 17:01:59] [INFO] [DEBUG] Starting load of SettingsManager at 1779123719895
[26-05-18 17:01:59] [INFO] [DEBUG] SettingsManager has been loaded. (took 0ms)
[26-05-18 17:01:59] [INFO] [DEBUG] Starting load of PlayerInfoManager at 1779123719895
[26-05-18 17:01:59] [WARNING] PlayerInfoManager: Lobby location was not set, using world's spawn location as default. Use the command /duels setlobby in-game to set the lobby location.
[26-05-18 17:01:59] [WARNING] PlayerInfoManager: Lobby location was not set, using world's spawn location as default. Use the command /duels setlobby in-game to set the lobby location.
[26-05-18 17:01:59] [INFO] [DEBUG] PlayerInfoManager has been loaded. (took 9ms)
[26-05-18 17:01:59] [INFO] [DEBUG] Starting load of SpectateManagerImpl at 1779123719904
[26-05-18 17:01:59] [INFO] [DEBUG] SpectateManagerImpl has been loaded. (took 0ms)
[26-05-18 17:01:59] [INFO] [DEBUG] Starting load of BettingManager at 1779123719905
[26-05-18 17:01:59] [INFO] [DEBUG] BettingManager has been loaded. (took 0ms)
[26-05-18 17:01:59] [INFO] [DEBUG] Starting load of InventoryManager at 1779123719906
[26-05-18 17:01:59] [INFO] [DEBUG] InventoryManager has been loaded. (took 0ms)
[26-05-18 17:01:59] [INFO] [DEBUG] Starting load of DuelManager at 1779123719906
[26-05-18 17:01:59] [INFO] [DEBUG] DuelManager has been loaded. (took 0ms)
[26-05-18 17:01:59] [INFO] [DEBUG] Starting load of QueueManager at 1779123719907
[26-05-18 17:01:59] [INFO] [DEBUG] QueueManager has been loaded. (took 6ms)
[26-05-18 17:01:59] [INFO] [DEBUG] Starting load of QueueSignManagerImpl at 1779123719914
[26-05-18 17:01:59] [INFO] [DEBUG] QueueSignManagerImpl has been loaded. (took 0ms)
[26-05-18 17:01:59] [INFO] [DEBUG] Starting load of RequestManager at 1779123719914
[26-05-18 17:01:59] [INFO] [DEBUG] RequestManager has been loaded. (took 1ms)
[26-05-18 17:01:59] [INFO] [DEBUG] Starting load of ValidatorManager at 1779123719915
[26-05-18 17:01:59] [INFO] [DEBUG] ValidatorManager has been loaded. (took 16ms)
[26-05-18 17:01:59] [INFO] [DEBUG] Starting load of Teleport at 1779123719931
[26-05-18 17:01:59] [INFO] [DEBUG] Teleport has been loaded. (took 0ms)
[26-05-18 17:27:33] [INFO] [DEBUG] Starting unload of Teleport at 1779125253106
[26-05-18 17:27:33] [INFO] [DEBUG] Teleport has been unloaded. (took 1ms)
[26-05-18 17:27:33] [INFO] [DEBUG] Starting unload of ValidatorManager at 1779125253107
[26-05-18 17:27:33] [INFO] [DEBUG] ValidatorManager has been unloaded. (took 0ms)
[26-05-18 17:27:33] [INFO] [DEBUG] Starting unload of RequestManager at 1779125253107
[26-05-18 17:27:33] [INFO] [DEBUG] RequestManager has been unloaded. (took 0ms)
[26-05-18 17:27:33] [INFO] [DEBUG] Starting unload of QueueSignManagerImpl at 1779125253107
[26-05-18 17:27:33] [INFO] [DEBUG] QueueSignManagerImpl has been unloaded. (took 0ms)
[26-05-18 17:27:33] [INFO] [DEBUG] Starting unload of QueueManager at 1779125253107
[26-05-18 17:27:33] [INFO] [DEBUG] QueueManager has been unloaded. (took 1ms)
[26-05-18 17:27:33] [INFO] [DEBUG] Starting unload of DuelManager at 1779125253108
[26-05-18 17:27:33] [INFO] [DEBUG] DuelManager has been unloaded. (took 0ms)
[26-05-18 17:27:33] [INFO] [DEBUG] Starting unload of InventoryManager at 1779125253108
[26-05-18 17:27:33] [INFO] [DEBUG] InventoryManager has been unloaded. (took 0ms)
[26-05-18 17:27:33] [INFO] [DEBUG] Starting unload of BettingManager at 1779125253108
[26-05-18 17:27:33] [INFO] [DEBUG] BettingManager has been unloaded. (took 0ms)
[26-05-18 17:27:33] [INFO] [DEBUG] Starting unload of SpectateManagerImpl at 1779125253108
[26-05-18 17:27:33] [INFO] [DEBUG] SpectateManagerImpl has been unloaded. (took 0ms)
[26-05-18 17:27:33] [INFO] [DEBUG] Starting unload of PlayerInfoManager at 1779125253108
[26-05-18 17:27:33] [INFO] [DEBUG] PlayerInfoManager has been unloaded. (took 1ms)
[26-05-18 17:27:33] [INFO] [DEBUG] Starting unload of SettingsManager at 1779125253109
[26-05-18 17:27:33] [INFO] [DEBUG] SettingsManager has been unloaded. (took 0ms)
[26-05-18 17:27:33] [INFO] [DEBUG] Starting unload of ArenaManagerImpl at 1779125253109
[26-05-18 17:27:33] [INFO] [DEBUG] ArenaManagerImpl has been unloaded. (took 0ms)
[26-05-18 17:27:33] [INFO] [DEBUG] Starting unload of KitManagerImpl at 1779125253109
[26-05-18 17:27:33] [INFO] [DEBUG] KitManagerImpl has been unloaded. (took 0ms)
[26-05-18 17:27:33] [INFO] [DEBUG] Starting unload of PartyManagerImpl at 1779125253109
[26-05-18 17:27:33] [INFO] [DEBUG] PartyManagerImpl has been unloaded. (took 0ms)
[26-05-18 17:27:33] [INFO] [DEBUG] Starting unload of GuiListener at 1779125253109
[26-05-18 17:27:33] [INFO] [DEBUG] GuiListener has been unloaded. (took 1ms)
[26-05-18 17:27:33] [INFO] [DEBUG] Starting unload of UserManagerImpl at 1779125253110
[26-05-18 17:27:33] [INFO] [DEBUG] UserManagerImpl has been unloaded. (took 1ms)
[26-05-18 17:27:33] [INFO] [DEBUG] Starting unload of Lang at 1779125253111
[26-05-18 17:27:33] [INFO] [DEBUG] Lang has been unloaded. (took 0ms)
[26-05-18 17:27:33] [INFO] [DEBUG] Starting unload of CommandsConfig at 1779125253111
[26-05-18 17:27:33] [INFO] [DEBUG] CommandsConfig has been unloaded. (took 0ms)
[26-05-18 17:27:33] [INFO] [DEBUG] Starting unload of Config at 1779125253111
[26-05-18 17:27:33] [INFO] [DEBUG] Config has been unloaded. (took 0ms)
[26-05-18 17:27:33] [INFO] [DEBUG] Starting load of Config at 1779125253111
[26-05-18 17:27:33] [INFO] [DEBUG] Config has been loaded. (took 9ms)
[26-05-18 17:27:33] [INFO] [DEBUG] Starting load of CommandsConfig at 1779125253120
[26-05-18 17:27:33] [INFO] [DEBUG] CommandsConfig has been loaded. (took 1ms)
[26-05-18 17:27:33] [INFO] [DEBUG] Starting load of Lang at 1779125253121
[26-05-18 17:27:33] [INFO] [DEBUG] Lang has been loaded. (took 14ms)
[26-05-18 17:27:33] [INFO] [DEBUG] Starting load of UserManagerImpl at 1779125253135
[26-05-18 17:27:33] [INFO] [DEBUG] UserManagerImpl has been loaded. (took 0ms)
[26-05-18 17:27:33] [INFO] [DEBUG] Starting load of GuiListener at 1779125253135
[26-05-18 17:27:33] [INFO] [DEBUG] GuiListener has been loaded. (took 0ms)
[26-05-18 17:27:33] [INFO] [DEBUG] Starting load of PartyManagerImpl at 1779125253135
[26-05-18 17:27:33] [INFO] [DEBUG] PartyManagerImpl has been loaded. (took 0ms)
[26-05-18 17:27:33] [INFO] [DEBUG] Starting load of KitManagerImpl at 1779125253135
[26-05-18 17:27:33] [INFO] [DEBUG] KitManagerImpl has been loaded. (took 70ms)
[26-05-18 17:27:33] [INFO] [DEBUG] Starting load of ArenaManagerImpl at 1779125253205
[26-05-18 17:27:33] [INFO] [DEBUG] ArenaManagerImpl has been loaded. (took 8ms)
[26-05-18 17:27:33] [INFO] [DEBUG] Starting load of SettingsManager at 1779125253214
[26-05-18 17:27:33] [INFO] [DEBUG] SettingsManager has been loaded. (took 0ms)
[26-05-18 17:27:33] [INFO] [DEBUG] Starting load of PlayerInfoManager at 1779125253214
[26-05-18 17:27:33] [INFO] [DEBUG] PlayerInfoManager has been loaded. (took 0ms)
[26-05-18 17:27:33] [INFO] [DEBUG] Starting load of SpectateManagerImpl at 1779125253214
[26-05-18 17:27:33] [INFO] [DEBUG] SpectateManagerImpl has been loaded. (took 0ms)
[26-05-18 17:27:33] [INFO] [DEBUG] Starting load of BettingManager at 1779125253214
[26-05-18 17:27:33] [INFO] [DEBUG] BettingManager has been loaded. (took 0ms)
[26-05-18 17:27:33] [INFO] [DEBUG] Starting load of InventoryManager at 1779125253214
[26-05-18 17:27:33] [INFO] [DEBUG] InventoryManager has been loaded. (took 0ms)
[26-05-18 17:27:33] [INFO] [DEBUG] Starting load of DuelManager at 1779125253214
[26-05-18 17:27:33] [INFO] [DEBUG] DuelManager has been loaded. (took 1ms)
[26-05-18 17:27:33] [INFO] [DEBUG] Starting load of QueueManager at 1779125253215
[26-05-18 17:27:33] [INFO] [DEBUG] QueueManager has been loaded. (took 2ms)
[26-05-18 17:27:33] [INFO] [DEBUG] Starting load of QueueSignManagerImpl at 1779125253217
[26-05-18 17:27:33] [INFO] [DEBUG] QueueSignManagerImpl has been loaded. (took 0ms)
[26-05-18 17:27:33] [INFO] [DEBUG] Starting load of RequestManager at 1779125253217
[26-05-18 17:27:33] [INFO] [DEBUG] RequestManager has been loaded. (took 0ms)
[26-05-18 17:27:33] [INFO] [DEBUG] Starting load of ValidatorManager at 1779125253217
[26-05-18 17:27:33] [INFO] [DEBUG] ValidatorManager has been loaded. (took 0ms)
[26-05-18 17:27:33] [INFO] [DEBUG] Starting load of Teleport at 1779125253217
[26-05-18 17:27:33] [INFO] [DEBUG] Teleport has been loaded. (took 1ms)
[26-05-18 17:27:33] [INFO] [DEBUG] Starting load of ExtensionManager at 1779125253218
[26-05-18 17:27:33] [INFO] [DEBUG] ExtensionManager has been loaded. (took 0ms)
