[26-05-19 05:05:51] [INFO] [DEBUG] onEnable start -> 1779167151925

[26-05-19 05:05:52] [INFO] [DEBUG] Starting load of Config at 1779167152039
[26-05-19 05:05:52] [INFO] [DEBUG] Config has been loaded. (took 47ms)
[26-05-19 05:05:52] [INFO] [DEBUG] Starting load of CommandsConfig at 1779167152086
[26-05-19 05:05:52] [INFO] [DEBUG] CommandsConfig has been loaded. (took 1ms)
[26-05-19 05:05:52] [INFO] [DEBUG] Starting load of Lang at 1779167152087
[26-05-19 05:05:52] [INFO] [DEBUG] Lang has been loaded. (took 51ms)
[26-05-19 05:05:52] [INFO] [DEBUG] Starting load of UserManagerImpl at 1779167152138
[26-05-19 05:05:52] [INFO] [DEBUG] UserManagerImpl has been loaded. (took 0ms)
[26-05-19 05:05:52] [INFO] [DEBUG] Starting load of GuiListener at 1779167152139
[26-05-19 05:05:52] [INFO] [DEBUG] GuiListener has been loaded. (took 0ms)
[26-05-19 05:05:52] [INFO] [DEBUG] Starting load of PartyManagerImpl at 1779167152139
[26-05-19 05:05:52] [INFO] [DEBUG] PartyManagerImpl has been loaded. (took 0ms)
[26-05-19 05:05:52] [INFO] [DEBUG] Starting load of KitManagerImpl at 1779167152139
[26-05-19 05:05:52] [INFO] [DEBUG] KitManagerImpl has been loaded. (took 303ms)
[26-05-19 05:05:52] [INFO] [DEBUG] Starting load of ArenaManagerImpl at 1779167152442
[26-05-19 05:05:52] [INFO] [DEBUG] ArenaManagerImpl has been loaded. (took 17ms)
[26-05-19 05:05:52] [INFO] [DEBUG] Starting load of SettingsManager at 1779167152459
[26-05-19 05:05:52] [INFO] [DEBUG] SettingsManager has been loaded. (took 0ms)
[26-05-19 05:05:52] [INFO] [DEBUG] Starting load of PlayerInfoManager at 1779167152459
[26-05-19 05:05:52] [INFO] [DEBUG] PlayerInfoManager has been loaded. (took 2ms)
[26-05-19 05:05:52] [INFO] [DEBUG] Starting load of SpectateManagerImpl at 1779167152461
[26-05-19 05:05:52] [INFO] [DEBUG] SpectateManagerImpl has been loaded. (took 0ms)
[26-05-19 05:05:52] [INFO] [DEBUG] Starting load of BettingManager at 1779167152461
[26-05-19 05:05:52] [INFO] [DEBUG] BettingManager has been loaded. (took 0ms)
[26-05-19 05:05:52] [INFO] [DEBUG] Starting load of InventoryManager at 1779167152461
[26-05-19 05:05:52] [INFO] [DEBUG] InventoryManager has been loaded. (took 1ms)
[26-05-19 05:05:52] [INFO] [DEBUG] Starting load of DuelManager at 1779167152462
[26-05-19 05:05:52] [INFO] [DEBUG] DuelManager has been loaded. (took 0ms)
[26-05-19 05:05:52] [INFO] [DEBUG] Starting load of QueueManager at 1779167152462
[26-05-19 05:05:52] [INFO] [DEBUG] QueueManager has been loaded. (took 5ms)
[26-05-19 05:05:52] [INFO] [DEBUG] Starting load of QueueSignManagerImpl at 1779167152467
[26-05-19 05:05:52] [INFO] [DEBUG] QueueSignManagerImpl has been loaded. (took 0ms)
[26-05-19 05:05:52] [INFO] [DEBUG] Starting load of RequestManager at 1779167152467
[26-05-19 05:05:52] [INFO] [DEBUG] RequestManager has been loaded. (took 0ms)
[26-05-19 05:05:52] [INFO] [DEBUG] Starting load of ValidatorManager at 1779167152467
[26-05-19 05:05:52] [INFO] [DEBUG] ValidatorManager has been loaded. (took 11ms)
[26-05-19 05:05:52] [INFO] [DEBUG] Starting load of Teleport at 1779167152478
[26-05-19 05:05:52] [INFO] [DEBUG] Teleport has been loaded. (took 2ms)
[26-05-19 05:40:03] [INFO] [DEBUG] onDisable start -> 1779169203161

[26-05-19 05:40:03] [INFO] [DEBUG] Starting unload of Teleport at 1779169203167
[26-05-19 05:40:03] [INFO] [DEBUG] Teleport has been unloaded. (took 0ms)
[26-05-19 05:40:03] [INFO] [DEBUG] Starting unload of ValidatorManager at 1779169203167
[26-05-19 05:40:03] [INFO] [DEBUG] ValidatorManager has been unloaded. (took 0ms)
[26-05-19 05:40:03] [INFO] [DEBUG] Starting unload of RequestManager at 1779169203167
[26-05-19 05:40:03] [INFO] [DEBUG] RequestManager has been unloaded. (took 0ms)
[26-05-19 05:40:03] [INFO] [DEBUG] Starting unload of QueueSignManagerImpl at 1779169203167
[26-05-19 05:40:03] [INFO] [DEBUG] QueueSignManagerImpl has been unloaded. (took 0ms)
[26-05-19 05:40:03] [INFO] [DEBUG] Starting unload of QueueManager at 1779169203167
[26-05-19 05:40:03] [INFO] [DEBUG] QueueManager has been unloaded. (took 1ms)
[26-05-19 05:40:03] [INFO] [DEBUG] Starting unload of DuelManager at 1779169203168
[26-05-19 05:40:03] [INFO] [DEBUG] DuelManager has been unloaded. (took 0ms)
[26-05-19 05:40:03] [INFO] [DEBUG] Starting unload of InventoryManager at 1779169203168
[26-05-19 05:40:03] [INFO] [DEBUG] InventoryManager has been unloaded. (took 0ms)
[26-05-19 05:40:03] [INFO] [DEBUG] Starting unload of BettingManager at 1779169203168
[26-05-19 05:40:03] [INFO] [DEBUG] BettingManager has been unloaded. (took 0ms)
[26-05-19 05:40:03] [INFO] [DEBUG] Starting unload of SpectateManagerImpl at 1779169203168
[26-05-19 05:40:03] [INFO] [DEBUG] SpectateManagerImpl has been unloaded. (took 0ms)
[26-05-19 05:40:03] [INFO] [DEBUG] Starting unload of PlayerInfoManager at 1779169203168
[26-05-19 05:40:03] [INFO] [DEBUG] PlayerInfoManager has been unloaded. (took 1ms)
[26-05-19 05:40:03] [INFO] [DEBUG] Starting unload of SettingsManager at 1779169203169
[26-05-19 05:40:03] [INFO] [DEBUG] SettingsManager has been unloaded. (took 0ms)
[26-05-19 05:40:03] [INFO] [DEBUG] Starting unload of ArenaManagerImpl at 1779169203169
[26-05-19 05:40:03] [INFO] [DEBUG] ArenaManagerImpl has been unloaded. (took 0ms)
[26-05-19 05:40:03] [INFO] [DEBUG] Starting unload of KitManagerImpl at 1779169203169
[26-05-19 05:40:03] [INFO] [DEBUG] KitManagerImpl has been unloaded. (took 0ms)
[26-05-19 05:40:03] [INFO] [DEBUG] Starting unload of PartyManagerImpl at 1779169203169
[26-05-19 05:40:03] [INFO] [DEBUG] PartyManagerImpl has been unloaded. (took 0ms)
[26-05-19 05:40:03] [INFO] [DEBUG] Starting unload of GuiListener at 1779169203169
[26-05-19 05:40:03] [INFO] [DEBUG] GuiListener has been unloaded. (took 0ms)
[26-05-19 05:40:03] [INFO] [DEBUG] Starting unload of UserManagerImpl at 1779169203170
[26-05-19 05:40:03] [INFO] [DEBUG] UserManagerImpl has been unloaded. (took 0ms)
[26-05-19 05:40:03] [INFO] [DEBUG] Starting unload of Lang at 1779169203170
[26-05-19 05:40:03] [INFO] [DEBUG] Lang has been unloaded. (took 0ms)
[26-05-19 05:40:03] [INFO] [DEBUG] Starting unload of CommandsConfig at 1779169203170
[26-05-19 05:40:03] [INFO] [DEBUG] CommandsConfig has been unloaded. (took 0ms)
[26-05-19 05:40:03] [INFO] [DEBUG] Starting unload of Config at 1779169203170
[26-05-19 05:40:03] [INFO] [DEBUG] Config has been unloaded. (took 0ms)
[26-05-19 05:40:03] [INFO] [DEBUG] unload done (took 9ms)
[26-05-19 05:40:03] [INFO] [DEBUG] Log#clearSources done (took 1ms)
[26-05-19 05:40:49] [INFO] [DEBUG] onEnable start -> 1779169249391

[26-05-19 05:40:49] [INFO] [DEBUG] Starting load of Config at 1779169249479
[26-05-19 05:40:49] [INFO] [DEBUG] Config has been loaded. (took 49ms)
[26-05-19 05:40:49] [INFO] [DEBUG] Starting load of CommandsConfig at 1779169249529
[26-05-19 05:40:49] [INFO] [DEBUG] CommandsConfig has been loaded. (took 4ms)
[26-05-19 05:40:49] [INFO] [DEBUG] Starting load of Lang at 1779169249535
[26-05-19 05:40:49] [INFO] [DEBUG] Lang has been loaded. (took 59ms)
[26-05-19 05:40:49] [INFO] [DEBUG] Starting load of UserManagerImpl at 1779169249595
[26-05-19 05:40:49] [INFO] [DEBUG] UserManagerImpl has been loaded. (took 0ms)
[26-05-19 05:40:49] [INFO] [DEBUG] Starting load of GuiListener at 1779169249595
[26-05-19 05:40:49] [INFO] [DEBUG] GuiListener has been loaded. (took 0ms)
[26-05-19 05:40:49] [INFO] [DEBUG] Starting load of PartyManagerImpl at 1779169249595
[26-05-19 05:40:49] [INFO] [DEBUG] PartyManagerImpl has been loaded. (took 0ms)
[26-05-19 05:40:49] [INFO] [DEBUG] Starting load of KitManagerImpl at 1779169249595
[26-05-19 05:40:49] [INFO] [DEBUG] KitManagerImpl has been loaded. (took 367ms)
[26-05-19 05:40:49] [INFO] [DEBUG] Starting load of ArenaManagerImpl at 1779169249962
[26-05-19 05:40:49] [INFO] [DEBUG] ArenaManagerImpl has been loaded. (took 25ms)
[26-05-19 05:40:49] [INFO] [DEBUG] Starting load of SettingsManager at 1779169249987
[26-05-19 05:40:49] [INFO] [DEBUG] SettingsManager has been loaded. (took 0ms)
[26-05-19 05:40:49] [INFO] [DEBUG] Starting load of PlayerInfoManager at 1779169249987
[26-05-19 05:40:49] [INFO] [DEBUG] PlayerInfoManager has been loaded. (took 2ms)
[26-05-19 05:40:49] [INFO] [DEBUG] Starting load of SpectateManagerImpl at 1779169249989
[26-05-19 05:40:49] [INFO] [DEBUG] SpectateManagerImpl has been loaded. (took 1ms)
[26-05-19 05:40:49] [INFO] [DEBUG] Starting load of BettingManager at 1779169249990
[26-05-19 05:40:49] [INFO] [DEBUG] BettingManager has been loaded. (took 1ms)
[26-05-19 05:40:49] [INFO] [DEBUG] Starting load of InventoryManager at 1779169249991
[26-05-19 05:40:49] [INFO] [DEBUG] InventoryManager has been loaded. (took 0ms)
[26-05-19 05:40:49] [INFO] [DEBUG] Starting load of DuelManager at 1779169249992
[26-05-19 05:40:49] [INFO] [DEBUG] DuelManager has been loaded. (took 0ms)
[26-05-19 05:40:49] [INFO] [DEBUG] Starting load of QueueManager at 1779169249992
[26-05-19 05:40:49] [INFO] [DEBUG] QueueManager has been loaded. (took 7ms)
[26-05-19 05:40:49] [INFO] [DEBUG] Starting load of QueueSignManagerImpl at 1779169249999
[26-05-19 05:40:49] [INFO] [DEBUG] QueueSignManagerImpl has been loaded. (took 0ms)
[26-05-19 05:40:50] [INFO] [DEBUG] Starting load of RequestManager at 1779169250000
[26-05-19 05:40:50] [INFO] [DEBUG] RequestManager has been loaded. (took 0ms)
[26-05-19 05:40:50] [INFO] [DEBUG] Starting load of ValidatorManager at 1779169250000
[26-05-19 05:40:50] [INFO] [DEBUG] ValidatorManager has been loaded. (took 11ms)
[26-05-19 05:40:50] [INFO] [DEBUG] Starting load of Teleport at 1779169250012
[26-05-19 05:40:50] [INFO] [DEBUG] Teleport has been loaded. (took 0ms)
[26-05-19 06:23:12] [INFO] [DEBUG] onDisable start -> 1779171792849

[26-05-19 06:23:12] [INFO] [DEBUG] Starting unload of Teleport at 1779171792855
[26-05-19 06:23:12] [INFO] [DEBUG] Teleport has been unloaded. (took 0ms)
[26-05-19 06:23:12] [INFO] [DEBUG] Starting unload of ValidatorManager at 1779171792855
[26-05-19 06:23:12] [INFO] [DEBUG] ValidatorManager has been unloaded. (took 0ms)
[26-05-19 06:23:12] [INFO] [DEBUG] Starting unload of RequestManager at 1779171792855
[26-05-19 06:23:12] [INFO] [DEBUG] RequestManager has been unloaded. (took 1ms)
[26-05-19 06:23:12] [INFO] [DEBUG] Starting unload of QueueSignManagerImpl at 1779171792856
[26-05-19 06:23:12] [INFO] [DEBUG] QueueSignManagerImpl has been unloaded. (took 0ms)
[26-05-19 06:23:12] [INFO] [DEBUG] Starting unload of QueueManager at 1779171792856
[26-05-19 06:23:12] [INFO] [DEBUG] QueueManager has been unloaded. (took 0ms)
[26-05-19 06:23:12] [INFO] [DEBUG] Starting unload of DuelManager at 1779171792856
[26-05-19 06:23:12] [INFO] [DEBUG] DuelManager has been unloaded. (took 0ms)
[26-05-19 06:23:12] [INFO] [DEBUG] Starting unload of InventoryManager at 1779171792856
[26-05-19 06:23:12] [INFO] [DEBUG] InventoryManager has been unloaded. (took 0ms)
[26-05-19 06:23:12] [INFO] [DEBUG] Starting unload of BettingManager at 1779171792856
[26-05-19 06:23:12] [INFO] [DEBUG] BettingManager has been unloaded. (took 0ms)
[26-05-19 06:23:12] [INFO] [DEBUG] Starting unload of SpectateManagerImpl at 1779171792857
[26-05-19 06:23:12] [INFO] [DEBUG] SpectateManagerImpl has been unloaded. (took 0ms)
[26-05-19 06:23:12] [INFO] [DEBUG] Starting unload of PlayerInfoManager at 1779171792857
[26-05-19 06:23:12] [INFO] [DEBUG] PlayerInfoManager has been unloaded. (took 0ms)
[26-05-19 06:23:12] [INFO] [DEBUG] Starting unload of SettingsManager at 1779171792857
[26-05-19 06:23:12] [INFO] [DEBUG] SettingsManager has been unloaded. (took 0ms)
[26-05-19 06:23:12] [INFO] [DEBUG] Starting unload of ArenaManagerImpl at 1779171792857
[26-05-19 06:23:12] [INFO] [DEBUG] ArenaManagerImpl has been unloaded. (took 0ms)
[26-05-19 06:23:12] [INFO] [DEBUG] Starting unload of KitManagerImpl at 1779171792857
[26-05-19 06:23:12] [INFO] [DEBUG] KitManagerImpl has been unloaded. (took 0ms)
[26-05-19 06:23:12] [INFO] [DEBUG] Starting unload of PartyManagerImpl at 1779171792857
[26-05-19 06:23:12] [INFO] [DEBUG] PartyManagerImpl has been unloaded. (took 1ms)
[26-05-19 06:23:12] [INFO] [DEBUG] Starting unload of GuiListener at 1779171792858
[26-05-19 06:23:12] [INFO] [DEBUG] GuiListener has been unloaded. (took 0ms)
[26-05-19 06:23:12] [INFO] [DEBUG] Starting unload of UserManagerImpl at 1779171792858
[26-05-19 06:23:12] [INFO] [DEBUG] UserManagerImpl has been unloaded. (took 0ms)
[26-05-19 06:23:12] [INFO] [DEBUG] Starting unload of Lang at 1779171792858
[26-05-19 06:23:12] [INFO] [DEBUG] Lang has been unloaded. (took 0ms)
[26-05-19 06:23:12] [INFO] [DEBUG] Starting unload of CommandsConfig at 1779171792858
[26-05-19 06:23:12] [INFO] [DEBUG] CommandsConfig has been unloaded. (took 0ms)
[26-05-19 06:23:12] [INFO] [DEBUG] Starting unload of Config at 1779171792858
[26-05-19 06:23:12] [INFO] [DEBUG] Config has been unloaded. (took 0ms)
[26-05-19 06:23:12] [INFO] [DEBUG] unload done (took 9ms)
[26-05-19 06:23:12] [INFO] [DEBUG] Log#clearSources done (took 0ms)
[26-05-19 06:25:27] [INFO] [DEBUG] onEnable start -> 1779171927560

[26-05-19 06:25:27] [INFO] [DEBUG] Starting load of Config at 1779171927667
[26-05-19 06:25:27] [INFO] [DEBUG] Config has been loaded. (took 56ms)
[26-05-19 06:25:27] [INFO] [DEBUG] Starting load of CommandsConfig at 1779171927724
[26-05-19 06:25:27] [INFO] [DEBUG] CommandsConfig has been loaded. (took 1ms)
[26-05-19 06:25:27] [INFO] [DEBUG] Starting load of Lang at 1779171927725
[26-05-19 06:25:27] [INFO] [DEBUG] Lang has been loaded. (took 69ms)
[26-05-19 06:25:27] [INFO] [DEBUG] Starting load of UserManagerImpl at 1779171927795
[26-05-19 06:25:27] [INFO] [DEBUG] UserManagerImpl has been loaded. (took 0ms)
[26-05-19 06:25:27] [INFO] [DEBUG] Starting load of GuiListener at 1779171927796
[26-05-19 06:25:27] [INFO] [DEBUG] GuiListener has been loaded. (took 0ms)
[26-05-19 06:25:27] [INFO] [DEBUG] Starting load of PartyManagerImpl at 1779171927796
[26-05-19 06:25:27] [INFO] [DEBUG] PartyManagerImpl has been loaded. (took 0ms)
[26-05-19 06:25:27] [INFO] [DEBUG] Starting load of KitManagerImpl at 1779171927796
[26-05-19 06:25:28] [INFO] [DEBUG] KitManagerImpl has been loaded. (took 299ms)
[26-05-19 06:25:28] [INFO] [DEBUG] Starting load of ArenaManagerImpl at 1779171928095
[26-05-19 06:25:28] [INFO] [DEBUG] ArenaManagerImpl has been loaded. (took 24ms)
[26-05-19 06:25:28] [INFO] [DEBUG] Starting load of SettingsManager at 1779171928119
[26-05-19 06:25:28] [INFO] [DEBUG] SettingsManager has been loaded. (took 0ms)
[26-05-19 06:25:28] [INFO] [DEBUG] Starting load of PlayerInfoManager at 1779171928120
[26-05-19 06:25:28] [INFO] [DEBUG] PlayerInfoManager has been loaded. (took 9ms)
[26-05-19 06:25:28] [INFO] [DEBUG] Starting load of SpectateManagerImpl at 1779171928130
[26-05-19 06:25:28] [INFO] [DEBUG] SpectateManagerImpl has been loaded. (took 0ms)
[26-05-19 06:25:28] [INFO] [DEBUG] Starting load of BettingManager at 1779171928130
[26-05-19 06:25:28] [INFO] [DEBUG] BettingManager has been loaded. (took 4ms)
[26-05-19 06:25:28] [INFO] [DEBUG] Starting load of InventoryManager at 1779171928134
[26-05-19 06:25:28] [INFO] [DEBUG] InventoryManager has been loaded. (took 1ms)
[26-05-19 06:25:28] [INFO] [DEBUG] Starting load of DuelManager at 1779171928135
[26-05-19 06:25:28] [INFO] [DEBUG] DuelManager has been loaded. (took 0ms)
[26-05-19 06:25:28] [INFO] [DEBUG] Starting load of QueueManager at 1779171928135
[26-05-19 06:25:28] [INFO] [DEBUG] QueueManager has been loaded. (took 9ms)
[26-05-19 06:25:28] [INFO] [DEBUG] Starting load of QueueSignManagerImpl at 1779171928146
[26-05-19 06:25:28] [INFO] [DEBUG] QueueSignManagerImpl has been loaded. (took 3ms)
[26-05-19 06:25:28] [INFO] [DEBUG] Starting load of RequestManager at 1779171928149
[26-05-19 06:25:28] [INFO] [DEBUG] RequestManager has been loaded. (took 0ms)
[26-05-19 06:25:28] [INFO] [DEBUG] Starting load of ValidatorManager at 1779171928149
[26-05-19 06:25:28] [INFO] [DEBUG] ValidatorManager has been loaded. (took 13ms)
[26-05-19 06:25:28] [INFO] [DEBUG] Starting load of Teleport at 1779171928162
[26-05-19 06:25:28] [INFO] [DEBUG] Teleport has been loaded. (took 1ms)
[26-05-19 06:28:08] [INFO] [DEBUG] onDisable start -> 1779172088517

[26-05-19 06:28:08] [INFO] [DEBUG] Starting unload of Teleport at 1779172088521
[26-05-19 06:28:08] [INFO] [DEBUG] Teleport has been unloaded. (took 0ms)
[26-05-19 06:28:08] [INFO] [DEBUG] Starting unload of ValidatorManager at 1779172088522
[26-05-19 06:28:08] [INFO] [DEBUG] ValidatorManager has been unloaded. (took 0ms)
[26-05-19 06:28:08] [INFO] [DEBUG] Starting unload of RequestManager at 1779172088522
[26-05-19 06:28:08] [INFO] [DEBUG] RequestManager has been unloaded. (took 0ms)
[26-05-19 06:28:08] [INFO] [DEBUG] Starting unload of QueueSignManagerImpl at 1779172088522
[26-05-19 06:28:08] [INFO] [DEBUG] QueueSignManagerImpl has been unloaded. (took 0ms)
[26-05-19 06:28:08] [INFO] [DEBUG] Starting unload of QueueManager at 1779172088522
[26-05-19 06:28:08] [INFO] [DEBUG] QueueManager has been unloaded. (took 1ms)
[26-05-19 06:28:08] [INFO] [DEBUG] Starting unload of DuelManager at 1779172088523
[26-05-19 06:28:08] [INFO] [DEBUG] DuelManager has been unloaded. (took 0ms)
[26-05-19 06:28:08] [INFO] [DEBUG] Starting unload of InventoryManager at 1779172088523
[26-05-19 06:28:08] [INFO] [DEBUG] InventoryManager has been unloaded. (took 0ms)
[26-05-19 06:28:08] [INFO] [DEBUG] Starting unload of BettingManager at 1779172088524
[26-05-19 06:28:08] [INFO] [DEBUG] BettingManager has been unloaded. (took 0ms)
[26-05-19 06:28:08] [INFO] [DEBUG] Starting unload of SpectateManagerImpl at 1779172088524
[26-05-19 06:28:08] [INFO] [DEBUG] SpectateManagerImpl has been unloaded. (took 0ms)
[26-05-19 06:28:08] [INFO] [DEBUG] Starting unload of PlayerInfoManager at 1779172088524
[26-05-19 06:28:08] [INFO] [DEBUG] PlayerInfoManager has been unloaded. (took 1ms)
[26-05-19 06:28:08] [INFO] [DEBUG] Starting unload of SettingsManager at 1779172088525
[26-05-19 06:28:08] [INFO] [DEBUG] SettingsManager has been unloaded. (took 0ms)
[26-05-19 06:28:08] [INFO] [DEBUG] Starting unload of ArenaManagerImpl at 1779172088525
[26-05-19 06:28:08] [INFO] [DEBUG] ArenaManagerImpl has been unloaded. (took 0ms)
[26-05-19 06:28:08] [INFO] [DEBUG] Starting unload of KitManagerImpl at 1779172088525
[26-05-19 06:28:08] [INFO] [DEBUG] KitManagerImpl has been unloaded. (took 0ms)
[26-05-19 06:28:08] [INFO] [DEBUG] Starting unload of PartyManagerImpl at 1779172088525
[26-05-19 06:28:08] [INFO] [DEBUG] PartyManagerImpl has been unloaded. (took 1ms)
[26-05-19 06:28:08] [INFO] [DEBUG] Starting unload of GuiListener at 1779172088526
[26-05-19 06:28:08] [INFO] [DEBUG] GuiListener has been unloaded. (took 0ms)
[26-05-19 06:28:08] [INFO] [DEBUG] Starting unload of UserManagerImpl at 1779172088526
[26-05-19 06:28:08] [INFO] [DEBUG] UserManagerImpl has been unloaded. (took 0ms)
[26-05-19 06:28:08] [INFO] [DEBUG] Starting unload of Lang at 1779172088527
[26-05-19 06:28:08] [INFO] [DEBUG] Lang has been unloaded. (took 0ms)
[26-05-19 06:28:08] [INFO] [DEBUG] Starting unload of CommandsConfig at 1779172088527
[26-05-19 06:28:08] [INFO] [DEBUG] CommandsConfig has been unloaded. (took 0ms)
[26-05-19 06:28:08] [INFO] [DEBUG] Starting unload of Config at 1779172088527
[26-05-19 06:28:08] [INFO] [DEBUG] Config has been unloaded. (took 0ms)
[26-05-19 06:28:08] [INFO] [DEBUG] unload done (took 10ms)
[26-05-19 06:28:08] [INFO] [DEBUG] Log#clearSources done (took 0ms)
[26-05-19 06:28:36] [INFO] [DEBUG] onEnable start -> 1779172116032

[26-05-19 06:28:36] [INFO] [DEBUG] Starting load of Config at 1779172116171
[26-05-19 06:28:36] [INFO] [DEBUG] Config has been loaded. (took 44ms)
[26-05-19 06:28:36] [INFO] [DEBUG] Starting load of CommandsConfig at 1779172116215
[26-05-19 06:28:36] [INFO] [DEBUG] CommandsConfig has been loaded. (took 2ms)
[26-05-19 06:28:36] [INFO] [DEBUG] Starting load of Lang at 1779172116217
[26-05-19 06:28:36] [INFO] [DEBUG] Lang has been loaded. (took 55ms)
[26-05-19 06:28:36] [INFO] [DEBUG] Starting load of UserManagerImpl at 1779172116272
[26-05-19 06:28:36] [INFO] [DEBUG] UserManagerImpl has been loaded. (took 1ms)
[26-05-19 06:28:36] [INFO] [DEBUG] Starting load of GuiListener at 1779172116273
[26-05-19 06:28:36] [INFO] [DEBUG] GuiListener has been loaded. (took 0ms)
[26-05-19 06:28:36] [INFO] [DEBUG] Starting load of PartyManagerImpl at 1779172116274
[26-05-19 06:28:36] [INFO] [DEBUG] PartyManagerImpl has been loaded. (took 0ms)
[26-05-19 06:28:36] [INFO] [DEBUG] Starting load of KitManagerImpl at 1779172116274
[26-05-19 06:28:36] [INFO] [DEBUG] KitManagerImpl has been loaded. (took 316ms)
[26-05-19 06:28:36] [INFO] [DEBUG] Starting load of ArenaManagerImpl at 1779172116590
[26-05-19 06:28:36] [INFO] [DEBUG] ArenaManagerImpl has been loaded. (took 24ms)
[26-05-19 06:28:36] [INFO] [DEBUG] Starting load of SettingsManager at 1779172116614
[26-05-19 06:28:36] [INFO] [DEBUG] SettingsManager has been loaded. (took 0ms)
[26-05-19 06:28:36] [INFO] [DEBUG] Starting load of PlayerInfoManager at 1779172116614
[26-05-19 06:28:36] [INFO] [DEBUG] PlayerInfoManager has been loaded. (took 1ms)
[26-05-19 06:28:36] [INFO] [DEBUG] Starting load of SpectateManagerImpl at 1779172116615
[26-05-19 06:28:36] [INFO] [DEBUG] SpectateManagerImpl has been loaded. (took 0ms)
[26-05-19 06:28:36] [INFO] [DEBUG] Starting load of BettingManager at 1779172116615
[26-05-19 06:28:36] [INFO] [DEBUG] BettingManager has been loaded. (took 1ms)
[26-05-19 06:28:36] [INFO] [DEBUG] Starting load of InventoryManager at 1779172116616
[26-05-19 06:28:36] [INFO] [DEBUG] InventoryManager has been loaded. (took 0ms)
[26-05-19 06:28:36] [INFO] [DEBUG] Starting load of DuelManager at 1779172116616
[26-05-19 06:28:36] [INFO] [DEBUG] DuelManager has been loaded. (took 0ms)
[26-05-19 06:28:36] [INFO] [DEBUG] Starting load of QueueManager at 1779172116616
[26-05-19 06:28:36] [INFO] [DEBUG] QueueManager has been loaded. (took 7ms)
[26-05-19 06:28:36] [INFO] [DEBUG] Starting load of QueueSignManagerImpl at 1779172116623
[26-05-19 06:28:36] [INFO] [DEBUG] QueueSignManagerImpl has been loaded. (took 1ms)
[26-05-19 06:28:36] [INFO] [DEBUG] Starting load of RequestManager at 1779172116624
[26-05-19 06:28:36] [INFO] [DEBUG] RequestManager has been loaded. (took 0ms)
[26-05-19 06:28:36] [INFO] [DEBUG] Starting load of ValidatorManager at 1779172116624
[26-05-19 06:28:36] [INFO] [DEBUG] ValidatorManager has been loaded. (took 13ms)
[26-05-19 06:28:36] [INFO] [DEBUG] Starting load of Teleport at 1779172116637
[26-05-19 06:28:36] [INFO] [DEBUG] Teleport has been loaded. (took 0ms)
[26-05-19 07:33:19] [INFO] [DEBUG] onDisable start -> 1779175999923

[26-05-19 07:33:19] [INFO] [DEBUG] Starting unload of Teleport at 1779175999929
[26-05-19 07:33:19] [INFO] [DEBUG] Teleport has been unloaded. (took 0ms)
[26-05-19 07:33:19] [INFO] [DEBUG] Starting unload of ValidatorManager at 1779175999929
[26-05-19 07:33:19] [INFO] [DEBUG] ValidatorManager has been unloaded. (took 0ms)
[26-05-19 07:33:19] [INFO] [DEBUG] Starting unload of RequestManager at 1779175999929
[26-05-19 07:33:19] [INFO] [DEBUG] RequestManager has been unloaded. (took 0ms)
[26-05-19 07:33:19] [INFO] [DEBUG] Starting unload of QueueSignManagerImpl at 1779175999929
[26-05-19 07:33:19] [INFO] [DEBUG] QueueSignManagerImpl has been unloaded. (took 0ms)
[26-05-19 07:33:19] [INFO] [DEBUG] Starting unload of QueueManager at 1779175999929
[26-05-19 07:33:19] [INFO] [DEBUG] QueueManager has been unloaded. (took 0ms)
[26-05-19 07:33:19] [INFO] [DEBUG] Starting unload of DuelManager at 1779175999929
[26-05-19 07:33:19] [INFO] [DEBUG] DuelManager has been unloaded. (took 0ms)
[26-05-19 07:33:19] [INFO] [DEBUG] Starting unload of InventoryManager at 1779175999929
[26-05-19 07:33:19] [INFO] [DEBUG] InventoryManager has been unloaded. (took 1ms)
[26-05-19 07:33:19] [INFO] [DEBUG] Starting unload of BettingManager at 1779175999930
[26-05-19 07:33:19] [INFO] [DEBUG] BettingManager has been unloaded. (took 0ms)
[26-05-19 07:33:19] [INFO] [DEBUG] Starting unload of SpectateManagerImpl at 1779175999930
[26-05-19 07:33:19] [INFO] [DEBUG] SpectateManagerImpl has been unloaded. (took 0ms)
[26-05-19 07:33:19] [INFO] [DEBUG] Starting unload of PlayerInfoManager at 1779175999930
[26-05-19 07:33:19] [INFO] [DEBUG] PlayerInfoManager has been unloaded. (took 0ms)
[26-05-19 07:33:19] [INFO] [DEBUG] Starting unload of SettingsManager at 1779175999930
[26-05-19 07:33:19] [INFO] [DEBUG] SettingsManager has been unloaded. (took 0ms)
[26-05-19 07:33:19] [INFO] [DEBUG] Starting unload of ArenaManagerImpl at 1779175999930
[26-05-19 07:33:19] [INFO] [DEBUG] ArenaManagerImpl has been unloaded. (took 0ms)
[26-05-19 07:33:19] [INFO] [DEBUG] Starting unload of KitManagerImpl at 1779175999931
[26-05-19 07:33:19] [INFO] [DEBUG] KitManagerImpl has been unloaded. (took 0ms)
[26-05-19 07:33:19] [INFO] [DEBUG] Starting unload of PartyManagerImpl at 1779175999931
[26-05-19 07:33:19] [INFO] [DEBUG] PartyManagerImpl has been unloaded. (took 0ms)
[26-05-19 07:33:19] [INFO] [DEBUG] Starting unload of GuiListener at 1779175999931
[26-05-19 07:33:19] [INFO] [DEBUG] GuiListener has been unloaded. (took 0ms)
[26-05-19 07:33:19] [INFO] [DEBUG] Starting unload of UserManagerImpl at 1779175999931
[26-05-19 07:33:19] [INFO] [DEBUG] UserManagerImpl has been unloaded. (took 0ms)
[26-05-19 07:33:19] [INFO] [DEBUG] Starting unload of Lang at 1779175999931
[26-05-19 07:33:19] [INFO] [DEBUG] Lang has been unloaded. (took 0ms)
[26-05-19 07:33:19] [INFO] [DEBUG] Starting unload of CommandsConfig at 1779175999931
[26-05-19 07:33:19] [INFO] [DEBUG] CommandsConfig has been unloaded. (took 0ms)
[26-05-19 07:33:19] [INFO] [DEBUG] Starting unload of Config at 1779175999931
[26-05-19 07:33:19] [INFO] [DEBUG] Config has been unloaded. (took 0ms)
[26-05-19 07:33:19] [INFO] [DEBUG] unload done (took 8ms)
[26-05-19 07:33:19] [INFO] [DEBUG] Log#clearSources done (took 1ms)
[26-05-19 07:34:02] [INFO] [DEBUG] onEnable start -> 1779176042936

[26-05-19 07:34:03] [INFO] [DEBUG] Starting load of Config at 1779176043037
[26-05-19 07:34:03] [INFO] [DEBUG] Config has been loaded. (took 40ms)
[26-05-19 07:34:03] [INFO] [DEBUG] Starting load of CommandsConfig at 1779176043077
[26-05-19 07:34:03] [INFO] [DEBUG] CommandsConfig has been loaded. (took 3ms)
[26-05-19 07:34:03] [INFO] [DEBUG] Starting load of Lang at 1779176043080
[26-05-19 07:34:03] [INFO] [DEBUG] Lang has been loaded. (took 47ms)
[26-05-19 07:34:03] [INFO] [DEBUG] Starting load of UserManagerImpl at 1779176043127
[26-05-19 07:34:03] [INFO] [DEBUG] UserManagerImpl has been loaded. (took 1ms)
[26-05-19 07:34:03] [INFO] [DEBUG] Starting load of GuiListener at 1779176043128
[26-05-19 07:34:03] [INFO] [DEBUG] GuiListener has been loaded. (took 1ms)
[26-05-19 07:34:03] [INFO] [DEBUG] Starting load of PartyManagerImpl at 1779176043129
[26-05-19 07:34:03] [INFO] [DEBUG] PartyManagerImpl has been loaded. (took 1ms)
[26-05-19 07:34:03] [INFO] [DEBUG] Starting load of KitManagerImpl at 1779176043130
[26-05-19 07:34:03] [INFO] [DEBUG] KitManagerImpl has been loaded. (took 269ms)
[26-05-19 07:34:03] [INFO] [DEBUG] Starting load of ArenaManagerImpl at 1779176043400
[26-05-19 07:34:03] [INFO] [DEBUG] ArenaManagerImpl has been loaded. (took 26ms)
[26-05-19 07:34:03] [INFO] [DEBUG] Starting load of SettingsManager at 1779176043426
[26-05-19 07:34:03] [INFO] [DEBUG] SettingsManager has been loaded. (took 1ms)
[26-05-19 07:34:03] [INFO] [DEBUG] Starting load of PlayerInfoManager at 1779176043427
[26-05-19 07:34:03] [INFO] [DEBUG] PlayerInfoManager has been loaded. (took 5ms)
[26-05-19 07:34:03] [INFO] [DEBUG] Starting load of SpectateManagerImpl at 1779176043433
[26-05-19 07:34:03] [INFO] [DEBUG] SpectateManagerImpl has been loaded. (took 0ms)
[26-05-19 07:34:03] [INFO] [DEBUG] Starting load of BettingManager at 1779176043433
[26-05-19 07:34:03] [INFO] [DEBUG] BettingManager has been loaded. (took 2ms)
[26-05-19 07:34:03] [INFO] [DEBUG] Starting load of InventoryManager at 1779176043435
[26-05-19 07:34:03] [INFO] [DEBUG] InventoryManager has been loaded. (took 0ms)
[26-05-19 07:34:03] [INFO] [DEBUG] Starting load of DuelManager at 1779176043436
[26-05-19 07:34:03] [INFO] [DEBUG] DuelManager has been loaded. (took 2ms)
[26-05-19 07:34:03] [INFO] [DEBUG] Starting load of QueueManager at 1779176043438
[26-05-19 07:34:03] [INFO] [DEBUG] QueueManager has been loaded. (took 8ms)
[26-05-19 07:34:03] [INFO] [DEBUG] Starting load of QueueSignManagerImpl at 1779176043449
[26-05-19 07:34:03] [INFO] [DEBUG] QueueSignManagerImpl has been loaded. (took 1ms)
[26-05-19 07:34:03] [INFO] [DEBUG] Starting load of RequestManager at 1779176043450
[26-05-19 07:34:03] [INFO] [DEBUG] RequestManager has been loaded. (took 0ms)
[26-05-19 07:34:03] [INFO] [DEBUG] Starting load of ValidatorManager at 1779176043450
[26-05-19 07:34:03] [INFO] [DEBUG] ValidatorManager has been loaded. (took 13ms)
[26-05-19 07:34:03] [INFO] [DEBUG] Starting load of Teleport at 1779176043463
[26-05-19 07:34:03] [INFO] [DEBUG] Teleport has been loaded. (took 0ms)
